<?xml version="1.0" encoding="UTF-8"?>
<!-- Generated by org.testng.reporters.JUnitXMLReporter -->
<testsuite hostname="USER-Bilgisayar" ignored="1" name="Trendyol UI Testing" tests="3" failures="0" timestamp="11 Mar 2019 00:08:42 GMT" time="64.761" errors="0">
  <testcase name="login" time="18.67" classname="suites.trendyol.ui.UITest"/>
  <testcase name="productImageTest" time="12.914" classname="suites.trendyol.ui.UITest"/>
  <testcase name="getProductToBasket" time="28.722" classname="suites.trendyol.ui.UITest"/>
  <testcase name="boutiqueImageTest" time="0.0" classname="suites.trendyol.ui.UITest">
    <ignored/>
  </testcase> <!-- boutiqueImageTest -->
</testsuite> <!-- Trendyol UI Testing -->
